         ПАО АКБ "АВАНГАРД"
          8(800)333-98-98
         ИП Зайнетдинов А.Р.
              Вахитова
                 17
Терминал ID: 50025203
N Чека: 10
               Оплата
СУММА:                     12.00 RUB
КОМИССИЯ: 0.00 RUR
Дата/время(Хост-Москва):
01/02/25 20:50:00
Дата/время(Терминал):
01/02/25 20:49:44
MIR XXXXXXXXXXXX9582
              ОДОБРЕНО
AID: A0000006581010
MIR
Код авторизации: 915182
Код ответа: 000
Ссылка: 503217824877
TVR: 8080008000
Проверка CDCVM - нет
         ПАО АКБ "АВАНГАРД"
          8(800)333-98-98
         ИП Зайнетдинов А.Р.
              Вахитова
                 17
Терминал ID: 50025203
N Чека: 10
               Оплата
СУММА:                     12.00 RUB
КОМИССИЯ: 0.00 RUR
Дата/время(Хост-Москва):
01/02/25 20:50:00
Дата/время(Терминал):
01/02/25 20:49:44
MIR XXXXXXXXXXXX9582
              ОДОБРЕНО
AID: A0000006581010
MIR
Код авторизации: 915182
Код ответа: 000
Ссылка: 503217824877
TVR: 8080008000
Проверка CDCVM - нет
